<?xml version="1.0" encoding="UTF-8"?>
<testng-results skipped="0" failed="0" ignored="0" total="1" passed="1">
  <reporter-output>
  </reporter-output>
  <suite name="TestNG" duration-ms="38396" started-at="2020-11-08T05:43:52Z" finished-at="2020-11-08T05:44:30Z">
    <groups>
    </groups>
    <test name="TestNG" duration-ms="38396" started-at="2020-11-08T05:43:52Z" finished-at="2020-11-08T05:44:30Z">
      <class name="com.qa.test.LoginTest">
        <test-method status="PASS" signature="readData()[pri:0, instance:com.qa.test.LoginTest@27c20538]" name="readData" is-config="true" duration-ms="4" started-at="2020-11-08T05:43:52Z" finished-at="2020-11-08T05:43:52Z">
          <reporter-output>
          </reporter-output>
        </test-method> <!-- readData -->
        <test-method status="PASS" signature="testLoginByProp()[pri:0, instance:com.qa.test.LoginTest@27c20538]" name="testLoginByProp" duration-ms="38362" started-at="2020-11-08T05:43:52Z" finished-at="2020-11-08T05:44:30Z">
          <reporter-output>
          </reporter-output>
        </test-method> <!-- testLoginByProp -->
      </class> <!-- com.qa.test.LoginTest -->
    </test> <!-- TestNG -->
  </suite> <!-- TestNG -->
</testng-results>
